<?xml version="1.0" encoding="UTF-8"?>
<!-- Generated by org.testng.reporters.JUnitReportReporter -->
<testsuite hostname="DESKTOP-U1VNJ3I" failures="0" tests="1" name="com.nop.testLayer.BuyProductFunctionalityTest" time="34.341" errors="0" timestamp="2023-03-06T11:57:54 IST" skipped="0">
  <testcase classname="com.nop.testLayer.BuyProductFunctionalityTest" name="buyDeskTop" time="34.341"/>
  <system-out/>
</testsuite> <!-- com.nop.testLayer.BuyProductFunctionalityTest -->
