<?xml version="1.0" encoding="UTF-8"?>
<!-- Generated by org.testng.reporters.JUnitReportReporter -->
<testsuite hostname="DESKTOP-U1VNJ3I" failures="0" tests="2" name="com.nop.testLayer.LoginFunctionalityTest" time="46.784" errors="0" timestamp="2023-03-06T11:57:54 IST" skipped="0">
  <testcase classname="com.nop.testLayer.LoginFunctionalityTest" name="checkTest" time="23.771"/>
  <system-out/>
  <testcase classname="com.nop.testLayer.LoginFunctionalityTest" name="checkTest" time="23.013"/>
  <system-out/>
</testsuite> <!-- com.nop.testLayer.LoginFunctionalityTest -->
