<?xml version="1.0" encoding="UTF-8"?>
<!-- Generated by org.testng.reporters.JUnitReportReporter -->
<testsuite hostname="DESKTOP-U1VNJ3I" failures="0" tests="2" name="com.nop.testLayer.LoginFunctionalityTest" time="69.627" errors="0" timestamp="2023-03-01T16:08:26 IST" skipped="0">
  <testcase classname="com.nop.testLayer.LoginFunctionalityTest" name="checkTest" time="24.554"/>
  <system-out/>
  <testcase classname="com.nop.testLayer.LoginFunctionalityTest" name="checkTest" time="45.073"/>
  <system-out/>
</testsuite> <!-- com.nop.testLayer.LoginFunctionalityTest -->
