<?xml version="1.0" encoding="UTF-8"?>
<!-- Generated by org.testng.reporters.JUnitReportReporter -->
<testsuite hostname="DESKTOP-U1VNJ3I" failures="0" tests="2" name="com.nop.testLayer.RegisterPageTest" time="28.393" errors="0" timestamp="2023-02-20T16:46:54 IST" skipped="0">
  <testcase classname="com.nop.testLayer.RegisterPageTest" name="registerWithValidPwd2" time="14.678"/>
  <system-out/>
  <testcase classname="com.nop.testLayer.RegisterPageTest" name="registerWithValidPwd" time="13.715"/>
  <system-out/>
</testsuite> <!-- com.nop.testLayer.RegisterPageTest -->
