<?xml version="1.0" encoding="UTF-8"?>
<!-- Generated by org.testng.reporters.JUnitReportReporter -->
<testsuite hostname="DESKTOP-U1VNJ3I" failures="0" tests="1" name="com.nop.testLayer.BuyProductFunctionalityTest" time="39.822" errors="0" timestamp="2023-02-22T08:21:31 IST" skipped="0">
  <testcase classname="com.nop.testLayer.BuyProductFunctionalityTest" name="buyDeskTop" time="39.822"/>
  <system-out/>
</testsuite> <!-- com.nop.testLayer.BuyProductFunctionalityTest -->
