<?xml version="1.0" encoding="UTF-8"?>
<!-- Generated by org.testng.reporters.JUnitReportReporter -->
<testsuite hostname="DESKTOP-U1VNJ3I" failures="0" tests="1" name="com.nop.testLayer.BuyProductFunctionalityTest" time="22.097" errors="0" timestamp="2023-02-21T19:23:08 IST" skipped="0">
  <testcase classname="com.nop.testLayer.BuyProductFunctionalityTest" name="buyDeskTop" time="22.097"/>
  <system-out/>
</testsuite> <!-- com.nop.testLayer.BuyProductFunctionalityTest -->
