<?xml version="1.0" encoding="UTF-8"?>
<!-- Generated by org.testng.reporters.JUnitReportReporter -->
<testsuite hostname="DESKTOP-U1VNJ3I" failures="0" tests="2" name="com.nop.utilities4.ExcelInuse" time="0.030" errors="0" timestamp="2023-02-27T14:09:41 IST" skipped="0">
  <testcase classname="com.nop.utilities4.ExcelInuse" name="test" time="0.027"/>
  <system-out/>
  <testcase classname="com.nop.utilities4.ExcelInuse" name="test" time="0.003"/>
  <system-out/>
</testsuite> <!-- com.nop.utilities4.ExcelInuse -->
