<?xml version="1.0" encoding="UTF-8"?>
<!-- Generated by org.testng.reporters.JUnitReportReporter -->
<testsuite hostname="DESKTOP-U1VNJ3I" failures="0" tests="1" name="com.nop.testLayer.LoginFunctionalityTest" time="33.928" errors="0" timestamp="2023-02-21T18:02:03 IST" skipped="0">
  <testcase classname="com.nop.testLayer.LoginFunctionalityTest" name="checkTest" time="33.928"/>
  <system-out/>
</testsuite> <!-- com.nop.testLayer.LoginFunctionalityTest -->
