<?xml version="1.0" encoding="UTF-8"?>
<!-- Generated by org.testng.reporters.JUnitReportReporter -->
<testsuite hostname="DESKTOP-U1VNJ3I" failures="0" tests="2" name="com.nop.testLayer.RegisterPageTest" time="124.080" errors="0" timestamp="2023-03-06T11:57:54 IST" skipped="0">
  <testcase classname="com.nop.testLayer.RegisterPageTest" name="registerWithValidPwd2" time="32.084"/>
  <system-out/>
  <testcase classname="com.nop.testLayer.RegisterPageTest" name="registerWithValidPwd" time="91.996"/>
  <system-out/>
</testsuite> <!-- com.nop.testLayer.RegisterPageTest -->
