<?xml version="1.0" encoding="UTF-8"?>
<!-- Generated by org.testng.reporters.JUnitReportReporter -->
<testsuite hostname="DESKTOP-U1VNJ3I" failures="0" tests="2" name="com.nop.testLayer.LoginFunctionalityTest" time="39.257" errors="0" timestamp="2023-02-27T14:18:17 IST" skipped="0">
  <testcase classname="com.nop.testLayer.LoginFunctionalityTest" name="checkTest" time="26.768"/>
  <system-out/>
  <testcase classname="com.nop.testLayer.LoginFunctionalityTest" name="checkTest" time="12.489"/>
  <system-out/>
</testsuite> <!-- com.nop.testLayer.LoginFunctionalityTest -->
