<?xml version="1.0" encoding="UTF-8"?>
<!-- Generated by org.testng.reporters.JUnitReportReporter -->
<testsuite hostname="DESKTOP-U1VNJ3I" failures="0" tests="1" name="com.nop.testLayer.RegisterPageTest" time="14.845" errors="0" timestamp="2023-02-20T12:53:27 IST" skipped="0">
  <testcase classname="com.nop.testLayer.RegisterPageTest" name="registerWithValidPwd" time="14.845"/>
  <system-out/>
</testsuite> <!-- com.nop.testLayer.RegisterPageTest -->
