<?xml version="1.0" encoding="UTF-8"?>
<!-- Generated by org.testng.reporters.JUnitReportReporter -->
<testsuite hostname="DESKTOP-U1VNJ3I" failures="0" tests="1" name="com.nop.testLayer.BrokenLinkTest" time="24.092" errors="0" timestamp="2023-03-07T11:19:40 IST" skipped="0">
  <testcase classname="com.nop.testLayer.BrokenLinkTest" name="test" time="24.092"/>
  <system-out/>
</testsuite> <!-- com.nop.testLayer.BrokenLinkTest -->
