<?xml version="1.0" encoding="UTF-8"?>
<!-- Generated by org.testng.reporters.JUnitReportReporter -->
<testsuite hostname="DESKTOP-U1VNJ3I" failures="0" tests="1" name="com.nop.utilities4.General" time="23.516" errors="0" timestamp="2023-02-20T11:08:28 IST" skipped="0">
  <testcase classname="com.nop.utilities4.General" name="test" time="23.516"/>
  <system-out/>
</testsuite> <!-- com.nop.utilities4.General -->
