<?xml version="1.0" encoding="UTF-8"?>
<!-- Generated by org.testng.reporters.JUnitReportReporter -->
<testsuite hostname="DESKTOP-U1VNJ3I" failures="0" tests="1" name="com.nop.testLayer.BuyProductFunctionalityTest" time="29.075" errors="0" timestamp="2023-03-01T16:08:26 IST" skipped="0">
  <testcase classname="com.nop.testLayer.BuyProductFunctionalityTest" name="buyDeskTop" time="29.075"/>
  <system-out/>
</testsuite> <!-- com.nop.testLayer.BuyProductFunctionalityTest -->
