<?xml version="1.0" encoding="UTF-8"?>
<!-- Generated by org.testng.reporters.JUnitReportReporter -->
<testsuite hostname="DESKTOP-U1VNJ3I" failures="0" tests="2" name="com.nop.testLayer.RegisterPageTest" time="71.015" errors="0" timestamp="2023-03-01T16:08:26 IST" skipped="0">
  <testcase classname="com.nop.testLayer.RegisterPageTest" name="registerWithValidPwd2" time="19.943"/>
  <system-out/>
  <testcase classname="com.nop.testLayer.RegisterPageTest" name="registerWithValidPwd" time="51.072"/>
  <system-out/>
</testsuite> <!-- com.nop.testLayer.RegisterPageTest -->
