<?xml version="1.0" encoding="UTF-8"?>
<!-- Generated by org.testng.reporters.JUnitReportReporter -->
<testsuite hostname="DESKTOP-U1VNJ3I" failures="0" tests="1" name="com.nop.testLayer.CheckTest" time="37.091" errors="0" timestamp="2023-02-18T12:13:10 IST" skipped="0">
  <testcase classname="com.nop.testLayer.CheckTest" name="checkTest" time="37.091"/>
  <system-out/>
</testsuite> <!-- com.nop.testLayer.CheckTest -->
